[08-Jul-2022 07:02:41 UTC] PHP Warning:  Undefined array key "nomPrenom" in C:\wamp64\www\rdcpublic\mod_accueil\vue\accueilVue.php on line 19
[08-Jul-2022 07:02:41 UTC] PHP Stack trace:
[08-Jul-2022 07:02:41 UTC] PHP   1. {main}() C:\wamp64\www\rdcpublic\index.php:0
[08-Jul-2022 07:02:41 UTC] PHP   2. Accueil->choixAction() C:\wamp64\www\rdcpublic\index.php:48
[08-Jul-2022 07:02:41 UTC] PHP   3. AccueilControleur->lister() C:\wamp64\www\rdcpublic\mod_accueil\accueil.php:17
[08-Jul-2022 07:02:41 UTC] PHP   4. AccueilVue->genererAffichageListe() C:\wamp64\www\rdcpublic\mod_accueil\controleur\accueilControleur.php:17
[08-Jul-2022 07:02:41 UTC] PHP Warning:  Undefined array key "role" in C:\wamp64\www\rdcpublic\mod_accueil\vue\accueilVue.php on line 20
[08-Jul-2022 07:02:41 UTC] PHP Stack trace:
[08-Jul-2022 07:02:41 UTC] PHP   1. {main}() C:\wamp64\www\rdcpublic\index.php:0
[08-Jul-2022 07:02:41 UTC] PHP   2. Accueil->choixAction() C:\wamp64\www\rdcpublic\index.php:48
[08-Jul-2022 07:02:41 UTC] PHP   3. AccueilControleur->lister() C:\wamp64\www\rdcpublic\mod_accueil\accueil.php:17
[08-Jul-2022 07:02:41 UTC] PHP   4. AccueilVue->genererAffichageListe() C:\wamp64\www\rdcpublic\mod_accueil\controleur\accueilControleur.php:17
[08-Jul-2022 07:02:43 UTC] PHP Warning:  Undefined array key "nomPrenom" in C:\wamp64\www\rdcpublic\mod_accueil\vue\accueilVue.php on line 19
[08-Jul-2022 07:02:43 UTC] PHP Stack trace:
[08-Jul-2022 07:02:43 UTC] PHP   1. {main}() C:\wamp64\www\rdcpublic\index.php:0
[08-Jul-2022 07:02:43 UTC] PHP   2. Accueil->choixAction() C:\wamp64\www\rdcpublic\index.php:48
[08-Jul-2022 07:02:43 UTC] PHP   3. AccueilControleur->lister() C:\wamp64\www\rdcpublic\mod_accueil\accueil.php:17
[08-Jul-2022 07:02:43 UTC] PHP   4. AccueilVue->genererAffichageListe() C:\wamp64\www\rdcpublic\mod_accueil\controleur\accueilControleur.php:17
[08-Jul-2022 07:02:43 UTC] PHP Warning:  Undefined array key "role" in C:\wamp64\www\rdcpublic\mod_accueil\vue\accueilVue.php on line 20
[08-Jul-2022 07:02:43 UTC] PHP Stack trace:
[08-Jul-2022 07:02:43 UTC] PHP   1. {main}() C:\wamp64\www\rdcpublic\index.php:0
[08-Jul-2022 07:02:43 UTC] PHP   2. Accueil->choixAction() C:\wamp64\www\rdcpublic\index.php:48
[08-Jul-2022 07:02:43 UTC] PHP   3. AccueilControleur->lister() C:\wamp64\www\rdcpublic\mod_accueil\accueil.php:17
[08-Jul-2022 07:02:43 UTC] PHP   4. AccueilVue->genererAffichageListe() C:\wamp64\www\rdcpublic\mod_accueil\controleur\accueilControleur.php:17
[08-Jul-2022 07:02:45 UTC] PHP Warning:  Undefined array key "nomPrenom" in C:\wamp64\www\rdcpublic\mod_accueil\vue\accueilVue.php on line 19
[08-Jul-2022 07:02:45 UTC] PHP Stack trace:
[08-Jul-2022 07:02:45 UTC] PHP   1. {main}() C:\wamp64\www\rdcpublic\index.php:0
[08-Jul-2022 07:02:45 UTC] PHP   2. Accueil->choixAction() C:\wamp64\www\rdcpublic\index.php:48
[08-Jul-2022 07:02:45 UTC] PHP   3. AccueilControleur->lister() C:\wamp64\www\rdcpublic\mod_accueil\accueil.php:17
[08-Jul-2022 07:02:45 UTC] PHP   4. AccueilVue->genererAffichageListe() C:\wamp64\www\rdcpublic\mod_accueil\controleur\accueilControleur.php:17
[08-Jul-2022 07:02:45 UTC] PHP Warning:  Undefined array key "role" in C:\wamp64\www\rdcpublic\mod_accueil\vue\accueilVue.php on line 20
[08-Jul-2022 07:02:45 UTC] PHP Stack trace:
[08-Jul-2022 07:02:45 UTC] PHP   1. {main}() C:\wamp64\www\rdcpublic\index.php:0
[08-Jul-2022 07:02:45 UTC] PHP   2. Accueil->choixAction() C:\wamp64\www\rdcpublic\index.php:48
[08-Jul-2022 07:02:45 UTC] PHP   3. AccueilControleur->lister() C:\wamp64\www\rdcpublic\mod_accueil\accueil.php:17
[08-Jul-2022 07:02:45 UTC] PHP   4. AccueilVue->genererAffichageListe() C:\wamp64\www\rdcpublic\mod_accueil\controleur\accueilControleur.php:17
[08-Jul-2022 07:02:51 UTC] PHP Warning:  Undefined array key "nomPrenom" in C:\wamp64\www\rdcpublic\mod_accueil\vue\accueilVue.php on line 19
[08-Jul-2022 07:02:51 UTC] PHP Stack trace:
[08-Jul-2022 07:02:51 UTC] PHP   1. {main}() C:\wamp64\www\rdcpublic\index.php:0
[08-Jul-2022 07:02:51 UTC] PHP   2. Accueil->choixAction() C:\wamp64\www\rdcpublic\index.php:48
[08-Jul-2022 07:02:51 UTC] PHP   3. AccueilControleur->lister() C:\wamp64\www\rdcpublic\mod_accueil\accueil.php:17
[08-Jul-2022 07:02:51 UTC] PHP   4. AccueilVue->genererAffichageListe() C:\wamp64\www\rdcpublic\mod_accueil\controleur\accueilControleur.php:17
[08-Jul-2022 07:02:51 UTC] PHP Warning:  Undefined array key "role" in C:\wamp64\www\rdcpublic\mod_accueil\vue\accueilVue.php on line 20
[08-Jul-2022 07:02:51 UTC] PHP Stack trace:
[08-Jul-2022 07:02:51 UTC] PHP   1. {main}() C:\wamp64\www\rdcpublic\index.php:0
[08-Jul-2022 07:02:51 UTC] PHP   2. Accueil->choixAction() C:\wamp64\www\rdcpublic\index.php:48
[08-Jul-2022 07:02:51 UTC] PHP   3. AccueilControleur->lister() C:\wamp64\www\rdcpublic\mod_accueil\accueil.php:17
[08-Jul-2022 07:02:51 UTC] PHP   4. AccueilVue->genererAffichageListe() C:\wamp64\www\rdcpublic\mod_accueil\controleur\accueilControleur.php:17
[08-Jul-2022 07:02:57 UTC] PHP Warning:  Undefined array key "nomPrenom" in C:\wamp64\www\rdcpublic\mod_accueil\vue\accueilVue.php on line 19
[08-Jul-2022 07:02:57 UTC] PHP Stack trace:
[08-Jul-2022 07:02:57 UTC] PHP   1. {main}() C:\wamp64\www\rdcpublic\index.php:0
[08-Jul-2022 07:02:57 UTC] PHP   2. Accueil->choixAction() C:\wamp64\www\rdcpublic\index.php:48
[08-Jul-2022 07:02:57 UTC] PHP   3. AccueilControleur->lister() C:\wamp64\www\rdcpublic\mod_accueil\accueil.php:17
[08-Jul-2022 07:02:57 UTC] PHP   4. AccueilVue->genererAffichageListe() C:\wamp64\www\rdcpublic\mod_accueil\controleur\accueilControleur.php:17
[08-Jul-2022 07:02:57 UTC] PHP Warning:  Undefined array key "role" in C:\wamp64\www\rdcpublic\mod_accueil\vue\accueilVue.php on line 20
[08-Jul-2022 07:02:57 UTC] PHP Stack trace:
[08-Jul-2022 07:02:57 UTC] PHP   1. {main}() C:\wamp64\www\rdcpublic\index.php:0
[08-Jul-2022 07:02:57 UTC] PHP   2. Accueil->choixAction() C:\wamp64\www\rdcpublic\index.php:48
[08-Jul-2022 07:02:57 UTC] PHP   3. AccueilControleur->lister() C:\wamp64\www\rdcpublic\mod_accueil\accueil.php:17
[08-Jul-2022 07:02:57 UTC] PHP   4. AccueilVue->genererAffichageListe() C:\wamp64\www\rdcpublic\mod_accueil\controleur\accueilControleur.php:17
[08-Jul-2022 07:07:59 UTC] PHP Fatal error:  Uncaught PDOException: SQLSTATE[HY093]: Invalid parameter number: number of bound variables does not match number of tokens in C:\wamp64\www\rdcpublic\include\modele.php:29
Stack trace:
#0 C:\wamp64\www\rdcpublic\include\modele.php(29): PDOStatement->execute(Array)
#1 C:\wamp64\www\rdcpublic\mod_fiche\modele\ficheModele.php(50): Modele->executeRequete('INSERT INTO b12...', Array)
#2 C:\wamp64\www\rdcpublic\mod_fiche\controleur\ficheControleur.php(42): FicheModele->addFiche(Object(FicheTable))
#3 C:\wamp64\www\rdcpublic\mod_fiche\fiche.php(25): FicheControleur->fiche_ajouter()
#4 C:\wamp64\www\rdcpublic\index.php(48): Fiche->choixAction()
#5 {main}
  thrown in C:\wamp64\www\rdcpublic\include\modele.php on line 29
[08-Jul-2022 07:09:38 UTC] PHP Fatal error:  Uncaught Error: Call to a member function getIntitule() on string in C:\wamp64\www\rdcpublic\mod_fiche\controleur\ficheControleur.php:148
Stack trace:
#0 C:\wamp64\www\rdcpublic\mod_fiche\fiche.php(34): FicheControleur->form_fiche_imprimer()
#1 C:\wamp64\www\rdcpublic\index.php(48): Fiche->choixAction()
#2 {main}
  thrown in C:\wamp64\www\rdcpublic\mod_fiche\controleur\ficheControleur.php on line 148
